<?xml version="1.0" encoding="UTF-8"?>
<!-- Generated by org.testng.reporters.JUnitReportReporter -->
<testsuite hostname="USCND8034D0Q" name="TestAutomation.testCases.MD071_AccountTotalsTest" tests="1" failures="0" timestamp="8 Oct 2019 14:22:31 GMT" time="32.971" errors="0">
  <testcase name="gpFileDownload" time="32.971" classname="TestAutomation.testCases.MD071_AccountTotalsTest"/>
</testsuite> <!-- TestAutomation.testCases.MD071_AccountTotalsTest -->
