<?xml version="1.0" encoding="UTF-8"?>
<!-- Generated by org.testng.reporters.JUnitReportReporter -->
<testsuite hostname="USCND8034D0Q" name="TestAutomation.testCases.MD071_MatchingTest" tests="1" failures="0" timestamp="8 Oct 2019 03:53:32 GMT" time="36.390" errors="0">
  <testcase name="gpFileDownload" time="36.390" classname="TestAutomation.testCases.MD071_MatchingTest"/>
</testsuite> <!-- TestAutomation.testCases.MD071_MatchingTest -->
