<?xml version="1.0" encoding="UTF-8"?>
<!-- Generated by org.testng.reporters.JUnitReportReporter -->
<testsuite hostname="USCND8034D0Q" name="TestAutomation.testCases.App" tests="1" failures="0" timestamp="8 Oct 2019 02:06:31 GMT" time="0.014" errors="0">
  <testcase name="tester" time="0.014" classname="TestAutomation.testCases.App"/>
</testsuite> <!-- TestAutomation.testCases.App -->
