<?xml version="1.0" encoding="UTF-8"?>
<!-- Generated by org.testng.reporters.JUnitReportReporter -->
<testsuite hostname="USCND8034D0Q" name="TestAutomation.testCases.MD071_SummaryTest" tests="1" failures="0" timestamp="8 Oct 2019 03:05:46 GMT" time="36.481" errors="0">
  <testcase name="gpFileDownload" time="36.481" classname="TestAutomation.testCases.MD071_SummaryTest"/>
</testsuite> <!-- TestAutomation.testCases.MD071_SummaryTest -->
