<?xml version="1.0" encoding="UTF-8"?>
<!-- Generated by org.testng.reporters.JUnitReportReporter -->
<testsuite hostname="USCND8034D0Q" name="TestAutomation.testCases.MD071_MissingTest" tests="1" failures="0" timestamp="8 Oct 2019 03:27:22 GMT" time="36.439" errors="0">
  <testcase name="gpFileDownload" time="36.439" classname="TestAutomation.testCases.MD071_MissingTest"/>
</testsuite> <!-- TestAutomation.testCases.MD071_MissingTest -->
